<?xml version="1.0" encoding="UTF-8"?>
<testsuite xmlns:xsi="http://www.w3.org/2001/XMLSchema-instance" xsi:noNamespaceSchemaLocation="https://maven.apache.org/surefire/maven-surefire-plugin/xsd/surefire-test-report-3.0.xsd" version="3.0" name="edu.brown.cs.student.main.MathBotTest" time="0.171" tests="3" errors="0" skipped="0" failures="0">
  <properties>
[...]
</properties>
  <testcase name="testAddition" classname="edu.brown.cs.student.main.MathBotTest" time="0.012"/>
  <testcase name="testLargerNumbers" classname="edu.brown.cs.student.main.MathBotTest" time="0.001"/>
  <testcase name="testSubtraction" classname="edu.brown.cs.student.main.MathBotTest" time="0"/>
</testsuite>